<?xml version="1.0" encoding="UTF-8"?>
<!-- Generated by org.testng.reporters.JUnitXMLReporter -->
<testsuite ignored="0" hostname="DESKTOP-C2HAQ59" failures="0" tests="4" name="Surefire test" time="0.131" errors="0" timestamp="20 Jun 2021 21:03:43 GMT">
  <testcase classname="Devops.Mav.Test1" name="login" time="0.026"/>
  <testcase classname="Devops.Mav.Test2" name="browser" time="0.002"/>
  <testcase classname="Devops.Mav.Test2" name="logout" time="0.0"/>
  <testcase classname="Devops.Mav.Test2" name="payment" time="0.0"/>
</testsuite> <!-- Surefire test -->
