<?xml version="1.0" encoding="UTF-8"?>
<!-- Generated by org.testng.reporters.JUnitXMLReporter -->
<testsuite ignored="0" hostname="DESKTOP-C2HAQ59" failures="0" tests="3" name="Default test" time="0.208" errors="0" timestamp="15 Apr 2021 02:17:34 GMT">
  <testcase classname="Devops.Mav.Test2" name="browser" time="0.05"/>
  <testcase classname="Devops.Mav.Test2" name="logout" time="0.003"/>
  <testcase classname="Devops.Mav.Test2" name="payment" time="0.003"/>
</testsuite> <!-- Default test -->
