<?xml version="1.0" encoding="UTF-8"?>
<testsuite xmlns:xsi="http://www.w3.org/2001/XMLSchema-instance" xsi:noNamespaceSchemaLocation="https://maven.apache.org/surefire/maven-surefire-plugin/xsd/surefire-test-report.xsd" name="TestSuite" time="7.442" tests="4" errors="0" skipped="0" failures="0">
  <properties>
[...]
</properties>
  <testcase name="login" classname="Devops.Mav.Test1" time="0.029"/>
  <testcase name="browser" classname="Devops.Mav.Test2" time="0"/>
  <testcase name="logout" classname="Devops.Mav.Test2" time="0.001"/>
  <testcase name="payment" classname="Devops.Mav.Test2" time="0.001"/>
</testsuite>