<?xml version="1.0" encoding="UTF-8"?>
<testng-results ignored="0" total="4" passed="4" failed="0" skipped="0">
  <reporter-output>
  </reporter-output>
  <suite started-at="2021-06-20T21:03:41Z" name="Surefire suite" finished-at="2021-06-20T21:03:41Z" duration-ms="131">
    <groups>
    </groups>
    <test started-at="2021-06-20T21:03:41Z" name="Surefire test" finished-at="2021-06-20T21:03:41Z" duration-ms="131">
      <class name="Devops.Mav.Test1">
        <test-method signature="login()[pri:0, instance:Devops.Mav.Test1@2145b572]" started-at="2021-06-20T21:03:41Z" name="login" finished-at="2021-06-20T21:03:41Z" duration-ms="26" status="PASS">
          <reporter-output>
          </reporter-output>
        </test-method> <!-- login -->
      </class> <!-- Devops.Mav.Test1 -->
      <class name="Devops.Mav.Test2">
        <test-method signature="browser()[pri:0, instance:Devops.Mav.Test2@39529185]" started-at="2021-06-20T21:03:41Z" name="browser" finished-at="2021-06-20T21:03:41Z" duration-ms="2" status="PASS">
          <reporter-output>
          </reporter-output>
        </test-method> <!-- browser -->
        <test-method signature="logout()[pri:0, instance:Devops.Mav.Test2@39529185]" started-at="2021-06-20T21:03:41Z" name="logout" finished-at="2021-06-20T21:03:41Z" duration-ms="0" status="PASS">
          <reporter-output>
          </reporter-output>
        </test-method> <!-- logout -->
        <test-method signature="payment()[pri:0, instance:Devops.Mav.Test2@39529185]" started-at="2021-06-20T21:03:41Z" name="payment" finished-at="2021-06-20T21:03:41Z" duration-ms="0" status="PASS">
          <reporter-output>
          </reporter-output>
        </test-method> <!-- payment -->
      </class> <!-- Devops.Mav.Test2 -->
    </test> <!-- Surefire test -->
  </suite> <!-- Surefire suite -->
</testng-results>
