<?xml version="1.0" encoding="UTF-8"?>
<testng-results ignored="0" total="3" passed="3" failed="0" skipped="0">
  <reporter-output>
  </reporter-output>
  <suite started-at="2021-04-15T02:17:34Z" name="Default suite" finished-at="2021-04-15T02:17:34Z" duration-ms="208">
    <groups>
    </groups>
    <test started-at="2021-04-15T02:17:34Z" name="Default test" finished-at="2021-04-15T02:17:34Z" duration-ms="208">
      <class name="Devops.Mav.Test2">
        <test-method signature="browser()[pri:0, instance:Devops.Mav.Test2@6a57ae10]" started-at="2021-04-15T02:17:34Z" name="browser" finished-at="2021-04-15T02:17:34Z" duration-ms="50" status="PASS">
          <reporter-output>
          </reporter-output>
        </test-method> <!-- browser -->
        <test-method signature="logout()[pri:0, instance:Devops.Mav.Test2@6a57ae10]" started-at="2021-04-15T02:17:34Z" name="logout" finished-at="2021-04-15T02:17:34Z" duration-ms="3" status="PASS">
          <reporter-output>
          </reporter-output>
        </test-method> <!-- logout -->
        <test-method signature="payment()[pri:0, instance:Devops.Mav.Test2@6a57ae10]" started-at="2021-04-15T02:17:34Z" name="payment" finished-at="2021-04-15T02:17:34Z" duration-ms="3" status="PASS">
          <reporter-output>
          </reporter-output>
        </test-method> <!-- payment -->
      </class> <!-- Devops.Mav.Test2 -->
    </test> <!-- Default test -->
  </suite> <!-- Default suite -->
</testng-results>
